<?xml version="1.0" encoding="UTF-8"?>
<!-- Generated by org.testng.reporters.JUnitReportReporter -->
<testsuite hostname="Pintu-DELL-PC" failures="0" tests="1" name="com.w2a.testcases.LoginTest" time="0.397" errors="0" timestamp="09 Jun 2021 11:04:45 GMT" skipped="0">
  <testcase classname="com.w2a.testcases.LoginTest" name="loginAsBankManager" time="0.397"/>
</testsuite> <!-- com.w2a.testcases.LoginTest -->
