<?xml version="1.0" encoding="UTF-8"?>
<!-- Generated by org.testng.reporters.JUnitReportReporter -->
<testsuite hostname="DurgaPrasad-DELL" failures="0" tests="1" name="com.w2a.testcases.OpenAccountTest" time="0.002" errors="0" timestamp="2021-08-04T20:09:26 IST" skipped="1">
  <testcase classname="com.w2a.testcases.OpenAccountTest" name="openAccountTest" time="0.002">
    <skipped/>
  </testcase> <!-- openAccountTest -->
  <system-out/>
</testsuite> <!-- com.w2a.testcases.OpenAccountTest -->
