<?xml version="1.0" encoding="UTF-8"?>
<!-- Generated by org.testng.reporters.JUnitReportReporter -->
<testsuite hostname="DurgaPrasad-DELL" failures="0" tests="4" name="com.w2a.testcases.AddCustomerTest" time="12.962" errors="0" timestamp="2021-08-04T20:09:26 IST" skipped="1">
  <testcase classname="com.w2a.testcases.AddCustomerTest" name="addCustomerTest" time="4.245"/>
  <system-out/>
  <testcase classname="com.w2a.testcases.AddCustomerTest" name="addCustomerTest" time="0.001">
    <skipped/>
  </testcase> <!-- addCustomerTest -->
  <system-out/>
  <testcase classname="com.w2a.testcases.AddCustomerTest" name="addCustomerTest" time="4.479"/>
  <system-out/>
  <testcase classname="com.w2a.testcases.AddCustomerTest" name="addCustomerTest" time="4.237"/>
  <system-out/>
</testsuite> <!-- com.w2a.testcases.AddCustomerTest -->
