<?xml version="1.0" encoding="UTF-8"?>
<!-- Generated by org.testng.reporters.JUnitReportReporter -->
<testsuite hostname="DurgaPrasad-DELL" failures="0" tests="1" name="com.w2a.testcases.BankManagerLoginTest" time="3.473" errors="0" timestamp="2021-08-04T20:09:26 IST" skipped="0">
  <testcase classname="com.w2a.testcases.BankManagerLoginTest" name="bankManagerLoginTest" time="3.473"/>
  <system-out>
    <![CDATA[<br>Verification failure : expected [abc] but found [xyz]<br>
<a target="_blank" href=Wed_Aug_04_20_09_09_IST_2021.jpg><img src=Wed_Aug_04_20_09_09_IST_2021.jpg height=200 width=200></img></a>
<br>
<br>]]>
  </system-out>
</testsuite> <!-- com.w2a.testcases.BankManagerLoginTest -->
